Flow report for ulaRISCV
Wed Jan 15 21:58:34 2025
Quartus II 64-Bit Version 13.0.1 Build 232 06/12/2013 Service Pack 1 SJ Web Edition


---------------------
; Table of Contents ;
---------------------
  1. Legal Notice
  2. Flow Summary
  3. Flow Settings
  4. Flow Non-Default Global Settings
  5. Flow Elapsed Time
  6. Flow OS Summary
  7. Flow Log
  8. Flow Messages
  9. Flow Suppressed Messages



----------------
; Legal Notice ;
----------------
Copyright (C) 1991-2013 Altera Corporation
Your use of Altera Corporation's design tools, logic functions 
and other software and tools, and its AMPP partner logic 
functions, and any output files from any of the foregoing 
(including device programming or simulation files), and any 
associated documentation or information are expressly subject 
to the terms and conditions of the Altera Program License 
Subscription Agreement, Altera MegaCore Function License 
Agreement, or other applicable license agreement, including, 
without limitation, that your use is for the sole purpose of 
programming logic devices manufactured by Altera and sold by 
Altera or its authorized distributors.  Please refer to the 
applicable agreement for further details.



+--------------------------------------------------------------------------------------+
; Flow Summary                                                                         ;
+------------------------------------+-------------------------------------------------+
; Flow Status                        ; Successful - Wed Jan 15 21:58:34 2025           ;
; Quartus II 64-Bit Version          ; 13.0.1 Build 232 06/12/2013 SP 1 SJ Web Edition ;
; Revision Name                      ; ulaRISCV                                        ;
; Top-level Entity Name              ; ulaRISCV                                        ;
; Family                             ; Cyclone IV GX                                   ;
; Total logic elements               ; 704 / 21,280 ( 3 % )                            ;
;     Total combinational functions  ; 704 / 21,280 ( 3 % )                            ;
;     Dedicated logic registers      ; 0 / 21,280 ( 0 % )                              ;
; Total registers                    ; 0                                               ;
; Total pins                         ; 102 / 167 ( 61 % )                              ;
; Total virtual pins                 ; 0                                               ;
; Total memory bits                  ; 0 / 774,144 ( 0 % )                             ;
; Embedded Multiplier 9-bit elements ; 0 / 80 ( 0 % )                                  ;
; Total GXB Receiver Channel PCS     ; 0 / 4 ( 0 % )                                   ;
; Total GXB Receiver Channel PMA     ; 0 / 4 ( 0 % )                                   ;
; Total GXB Transmitter Channel PCS  ; 0 / 4 ( 0 % )                                   ;
; Total GXB Transmitter Channel PMA  ; 0 / 4 ( 0 % )                                   ;
; Total PLLs                         ; 0 / 4 ( 0 % )                                   ;
; Device                             ; EP4CGX22CF19C6                                  ;
; Timing Models                      ; Final                                           ;
+------------------------------------+-------------------------------------------------+


+-----------------------------------------+
; Flow Settings                           ;
+-------------------+---------------------+
; Option            ; Setting             ;
+-------------------+---------------------+
; Start date & time ; 01/15/2025 21:49:43 ;
; Main task         ; Compilation         ;
; Revision Name     ; ulaRISCV            ;
+-------------------+---------------------+


+------------------------------------------------------------------------------------------------------------------+
; Flow Non-Default Global Settings                                                                                 ;
+-------------------------------------+---------------------------------+---------------+-------------+------------+
; Assignment Name                     ; Value                           ; Default Value ; Entity Name ; Section Id ;
+-------------------------------------+---------------------------------+---------------+-------------+------------+
; COMPILER_SIGNATURE_ID               ; 269058765682231.173698858311548 ; --            ; --          ; --         ;
; PARTITION_COLOR                     ; 16764057                        ; --            ; --          ; Top        ;
; PARTITION_FITTER_PRESERVATION_LEVEL ; PLACEMENT_AND_ROUTING           ; --            ; --          ; Top        ;
; PARTITION_NETLIST_TYPE              ; SOURCE                          ; --            ; --          ; Top        ;
; PROJECT_OUTPUT_DIRECTORY            ; output_files                    ; --            ; --          ; --         ;
; VHDL_INPUT_VERSION                  ; VHDL_2008                       ; VHDL_1993     ; --          ; --         ;
; VHDL_SHOW_LMF_MAPPING_MESSAGES      ; Off                             ; --            ; --          ; --         ;
+-------------------------------------+---------------------------------+---------------+-------------+------------+


+-------------------------------------------------------------------------------------------------------------------------------+
; Flow Elapsed Time                                                                                                             ;
+---------------------------+--------------+-------------------------+---------------------+------------------------------------+
; Module Name               ; Elapsed Time ; Average Processors Used ; Peak Virtual Memory ; Total CPU Time (on all processors) ;
+---------------------------+--------------+-------------------------+---------------------+------------------------------------+
; Analysis & Synthesis      ; 00:00:03     ; 1.0                     ; 4679 MB             ; 00:00:03                           ;
; Fitter                    ; 00:00:08     ; 1.0                     ; 5012 MB             ; 00:00:08                           ;
; Assembler                 ; 00:00:01     ; 1.0                     ; 4599 MB             ; 00:00:02                           ;
; TimeQuest Timing Analyzer ; 00:00:03     ; 1.0                     ; 4618 MB             ; 00:00:03                           ;
; EDA Netlist Writer        ; 00:00:01     ; 1.0                     ; 4580 MB             ; 00:00:01                           ;
; EDA Netlist Writer        ; 00:00:00     ; 1.0                     ; 4580 MB             ; 00:00:01                           ;
; EDA Netlist Writer        ; 00:00:00     ; 1.0                     ; 4580 MB             ; 00:00:01                           ;
; EDA Netlist Writer        ; 00:00:00     ; 1.0                     ; 4580 MB             ; 00:00:01                           ;
; Total                     ; 00:00:16     ; --                      ; --                  ; 00:00:20                           ;
+---------------------------+--------------+-------------------------+---------------------+------------------------------------+


+----------------------------------------------------------------------------------------+
; Flow OS Summary                                                                        ;
+---------------------------+------------------+-----------+------------+----------------+
; Module Name               ; Machine Hostname ; OS Name   ; OS Version ; Processor type ;
+---------------------------+------------------+-----------+------------+----------------+
; Analysis & Synthesis      ; DERICK           ; Windows 7 ; 6.2        ; x86_64         ;
; Fitter                    ; DERICK           ; Windows 7 ; 6.2        ; x86_64         ;
; Assembler                 ; DERICK           ; Windows 7 ; 6.2        ; x86_64         ;
; TimeQuest Timing Analyzer ; DERICK           ; Windows 7 ; 6.2        ; x86_64         ;
; EDA Netlist Writer        ; DERICK           ; Windows 7 ; 6.2        ; x86_64         ;
; EDA Netlist Writer        ; DERICK           ; Windows 7 ; 6.2        ; x86_64         ;
; EDA Netlist Writer        ; DERICK           ; Windows 7 ; 6.2        ; x86_64         ;
; EDA Netlist Writer        ; DERICK           ; Windows 7 ; 6.2        ; x86_64         ;
+---------------------------+------------------+-----------+------------+----------------+


------------
; Flow Log ;
------------
quartus_map --read_settings_files=on --write_settings_files=off ulaRISCV -c ulaRISCV
quartus_fit --read_settings_files=off --write_settings_files=off ulaRISCV -c ulaRISCV
quartus_asm --read_settings_files=off --write_settings_files=off ulaRISCV -c ulaRISCV
quartus_sta ulaRISCV -c ulaRISCV
quartus_eda --gen_testbench --check_outputs=on --tool=modelsim_oem --format=verilog ulaRISCV -c ulaRISCV --vector_source=C:/Users/derickandrade/Desktop/ComputerOrganizationAndDesignRISC-V/ULA/Waveform.vwf --testbench_file=./simulation/qsim/ulaRISCV.vt
quartus_eda --functional=on --simulation=on --tool=modelsim_oem --format=verilog ulaRISCV -c ulaRISCV
quartus_eda --gen_testbench --check_outputs=on --tool=modelsim_oem --format=verilog ulaRISCV -c ulaRISCV --vector_source=C:/Users/derickandrade/Desktop/ComputerOrganizationAndDesignRISC-V/ULA/Waveform.vwf --testbench_file=./simulation/qsim/ulaRISCV.vt
quartus_eda --functional=on --simulation=on --tool=modelsim_oem --format=verilog ulaRISCV -c ulaRISCV



